<?xml version="1.0" encoding="UTF-8"?>
<testng-results ignored="0" total="1" passed="1" failed="0" skipped="0">
  <reporter-output>
  </reporter-output>
  <suite started-at="2023-05-19T12:57:36 IST" name="Default suite" finished-at="2023-05-19T12:58:21 IST" duration-ms="44844">
    <groups>
    </groups>
    <test started-at="2023-05-19T12:57:36 IST" name="Default test" finished-at="2023-05-19T12:58:21 IST" duration-ms="44844">
      <class name="DropDownBoxes.TestScenario_EasyCalculation">
        <test-method signature="FBLunchMethod()[pri:0, instance:DropDownBoxes.TestScenario_EasyCalculation@2e1d27ba]" started-at="2023-05-19T12:57:36 IST" name="FBLunchMethod" finished-at="2023-05-19T12:58:21 IST" duration-ms="44766" status="PASS">
          <reporter-output>
          </reporter-output>
        </test-method> <!-- FBLunchMethod -->
      </class> <!-- DropDownBoxes.TestScenario_EasyCalculation -->
    </test> <!-- Default test -->
  </suite> <!-- Default suite -->
</testng-results>
