<?xml version="1.0" encoding="UTF-8"?>
<testng-results ignored="0" total="1" passed="1" failed="0" skipped="0">
  <reporter-output>
  </reporter-output>
  <suite started-at="2023-05-18T12:33:11 IST" name="Default suite" finished-at="2023-05-18T12:33:26 IST" duration-ms="15006">
    <groups>
    </groups>
    <test started-at="2023-05-18T12:33:11 IST" name="Default test" finished-at="2023-05-18T12:33:26 IST" duration-ms="15006">
      <class name="com.Wipro.Locators.TestScenarioLocators_02_Edge">
        <test-method signature="registerUser()[pri:0, instance:com.Wipro.Locators.TestScenarioLocators_02_Edge@37858383]" started-at="2023-05-18T12:33:12 IST" name="registerUser" finished-at="2023-05-18T12:33:26 IST" duration-ms="14882" status="PASS">
          <reporter-output>
          </reporter-output>
        </test-method> <!-- registerUser -->
      </class> <!-- com.Wipro.Locators.TestScenarioLocators_02_Edge -->
    </test> <!-- Default test -->
  </suite> <!-- Default suite -->
</testng-results>
